Detecting CXX compiler ABI info failed to compile with the following output:
Change Dir: /Users/christian/GIT/opencv/ios/build/iPhoneOS-arm64/CMakeFiles/CMakeTmp

Run Build Command:/usr/local/Cellar/cmake/2.8.12.2/bin/cmakexbuild -project CMAKE_TRY_COMPILE.xcodeproj build -target cmTryCompileExec394717003 -configuration Debug
=== BUILD TARGET cmTryCompileExec394717003 OF PROJECT CMAKE_TRY_COMPILE WITH CONFIGURATION Debug ===

Check dependencies
target specifies product type 'com.apple.product-type.tool', but there's no such product type for the 'iphoneos' platform

** BUILD FAILED **


The following build commands failed:
	Check dependencies
(1 failure)



Detecting C compiler ABI info failed to compile with the following output:
Change Dir: /Users/christian/GIT/opencv/ios/build/iPhoneOS-arm64/CMakeFiles/CMakeTmp

Run Build Command:/usr/local/Cellar/cmake/2.8.12.2/bin/cmakexbuild -project CMAKE_TRY_COMPILE.xcodeproj build -target cmTryCompileExec2392001606 -configuration Debug
=== BUILD TARGET cmTryCompileExec2392001606 OF PROJECT CMAKE_TRY_COMPILE WITH CONFIGURATION Debug ===

Check dependencies
target specifies product type 'com.apple.product-type.tool', but there's no such product type for the 'iphoneos' platform

** BUILD FAILED **


The following build commands failed:
	Check dependencies
(1 failure)



Determining if the function fseeko exists failed with the following output:
Change Dir: /Users/christian/GIT/opencv/ios/build/iPhoneOS-arm64/CMakeFiles/CMakeTmp

Run Build Command:/usr/local/Cellar/cmake/2.8.12.2/bin/cmakexbuild -project CMAKE_TRY_COMPILE.xcodeproj build -target cmTryCompileExec498586755 -configuration Release
=== BUILD TARGET cmTryCompileExec498586755 OF PROJECT CMAKE_TRY_COMPILE WITH CONFIGURATION Release ===

Check dependencies
target specifies product type 'com.apple.product-type.tool', but there's no such product type for the 'iphoneos' platform

** BUILD FAILED **


The following build commands failed:
	Check dependencies
(1 failure)


Determining if the include file unistd.h exists failed with the following output:
Change Dir: /Users/christian/GIT/opencv/ios/build/iPhoneOS-arm64/CMakeFiles/CMakeTmp

Run Build Command:/usr/local/Cellar/cmake/2.8.12.2/bin/cmakexbuild -project CMAKE_TRY_COMPILE.xcodeproj build -target cmTryCompileExec2227241525 -configuration Release
=== BUILD TARGET cmTryCompileExec2227241525 OF PROJECT CMAKE_TRY_COMPILE WITH CONFIGURATION Release ===

Check dependencies
target specifies product type 'com.apple.product-type.tool', but there's no such product type for the 'iphoneos' platform

** BUILD FAILED **


The following build commands failed:
	Check dependencies
(1 failure)


Determining if the include file sys/types.h exists failed with the following output:
Change Dir: /Users/christian/GIT/opencv/ios/build/iPhoneOS-arm64/CMakeFiles/CMakeTmp

Run Build Command:/usr/local/Cellar/cmake/2.8.12.2/bin/cmakexbuild -project CMAKE_TRY_COMPILE.xcodeproj build -target cmTryCompileExec3301510879 -configuration Release
=== BUILD TARGET cmTryCompileExec3301510879 OF PROJECT CMAKE_TRY_COMPILE WITH CONFIGURATION Release ===

Check dependencies
target specifies product type 'com.apple.product-type.tool', but there's no such product type for the 'iphoneos' platform

** BUILD FAILED **


The following build commands failed:
	Check dependencies
(1 failure)


Determining if the include file stdint.h exists failed with the following output:
Change Dir: /Users/christian/GIT/opencv/ios/build/iPhoneOS-arm64/CMakeFiles/CMakeTmp

Run Build Command:/usr/local/Cellar/cmake/2.8.12.2/bin/cmakexbuild -project CMAKE_TRY_COMPILE.xcodeproj build -target cmTryCompileExec812732904 -configuration Release
=== BUILD TARGET cmTryCompileExec812732904 OF PROJECT CMAKE_TRY_COMPILE WITH CONFIGURATION Release ===

Check dependencies
target specifies product type 'com.apple.product-type.tool', but there's no such product type for the 'iphoneos' platform

** BUILD FAILED **


The following build commands failed:
	Check dependencies
(1 failure)


Determining if the include file stddef.h exists failed with the following output:
Change Dir: /Users/christian/GIT/opencv/ios/build/iPhoneOS-arm64/CMakeFiles/CMakeTmp

Run Build Command:/usr/local/Cellar/cmake/2.8.12.2/bin/cmakexbuild -project CMAKE_TRY_COMPILE.xcodeproj build -target cmTryCompileExec1607417060 -configuration Release
=== BUILD TARGET cmTryCompileExec1607417060 OF PROJECT CMAKE_TRY_COMPILE WITH CONFIGURATION Release ===

Check dependencies
target specifies product type 'com.apple.product-type.tool', but there's no such product type for the 'iphoneos' platform

** BUILD FAILED **


The following build commands failed:
	Check dependencies
(1 failure)


Determining size of off64_t failed with the following output:
Change Dir: /Users/christian/GIT/opencv/ios/build/iPhoneOS-arm64/CMakeFiles/CMakeTmp

Run Build Command:/usr/local/Cellar/cmake/2.8.12.2/bin/cmakexbuild -project CMAKE_TRY_COMPILE.xcodeproj build -target cmTryCompileExec1623860595 -configuration Release
=== BUILD TARGET cmTryCompileExec1623860595 OF PROJECT CMAKE_TRY_COMPILE WITH CONFIGURATION Release ===

Check dependencies
target specifies product type 'com.apple.product-type.tool', but there's no such product type for the 'iphoneos' platform

** BUILD FAILED **


The following build commands failed:
	Check dependencies
(1 failure)

/Users/christian/GIT/opencv/ios/build/iPhoneOS-arm64/CMakeFiles/CheckTypeSize/OFF64_T.c:


#undef KEY
#if defined(__i386)
# define KEY '_','_','i','3','8','6'
#elif defined(__x86_64)
# define KEY '_','_','x','8','6','_','6','4'
#elif defined(__ppc__)
# define KEY '_','_','p','p','c','_','_'
#elif defined(__ppc64__)
# define KEY '_','_','p','p','c','6','4','_','_'
#endif

#define SIZE (sizeof(off64_t))
char info_size[] =  {'I', 'N', 'F', 'O', ':', 's','i','z','e','[',
  ('0' + ((SIZE / 10000)%10)),
  ('0' + ((SIZE / 1000)%10)),
  ('0' + ((SIZE / 100)%10)),
  ('0' + ((SIZE / 10)%10)),
  ('0' +  (SIZE    % 10)),
  ']',
#ifdef KEY
  ' ','k','e','y','[', KEY, ']',
#endif
  '\0'};

#ifdef __CLASSIC_C__
int main(argc, argv) int argc; char *argv[];
#else
int main(int argc, char *argv[])
#endif
{
  int require = 0;
  require += info_size[argc];
  (void)argv;
  return require;
}


Determining if the include file linux/videodev.h exists failed with the following output:
Change Dir: /Users/christian/GIT/opencv/ios/build/iPhoneOS-arm64/CMakeFiles/CMakeTmp

Run Build Command:/usr/local/Cellar/cmake/2.8.12.2/bin/cmakexbuild -project CMAKE_TRY_COMPILE.xcodeproj build -target cmTryCompileExec2380075896 -configuration Release
=== BUILD TARGET cmTryCompileExec2380075896 OF PROJECT CMAKE_TRY_COMPILE WITH CONFIGURATION Release ===

Check dependencies
target specifies product type 'com.apple.product-type.tool', but there's no such product type for the 'iphoneos' platform

** BUILD FAILED **


The following build commands failed:
	Check dependencies
(1 failure)


Determining if the include file linux/videodev2.h exists failed with the following output:
Change Dir: /Users/christian/GIT/opencv/ios/build/iPhoneOS-arm64/CMakeFiles/CMakeTmp

Run Build Command:/usr/local/Cellar/cmake/2.8.12.2/bin/cmakexbuild -project CMAKE_TRY_COMPILE.xcodeproj build -target cmTryCompileExec3521227011 -configuration Release
=== BUILD TARGET cmTryCompileExec3521227011 OF PROJECT CMAKE_TRY_COMPILE WITH CONFIGURATION Release ===

Check dependencies
target specifies product type 'com.apple.product-type.tool', but there's no such product type for the 'iphoneos' platform

** BUILD FAILED **


The following build commands failed:
	Check dependencies
(1 failure)


Determining if the include file sys/videoio.h exists failed with the following output:
Change Dir: /Users/christian/GIT/opencv/ios/build/iPhoneOS-arm64/CMakeFiles/CMakeTmp

Run Build Command:/usr/local/Cellar/cmake/2.8.12.2/bin/cmakexbuild -project CMAKE_TRY_COMPILE.xcodeproj build -target cmTryCompileExec3957824068 -configuration Release
=== BUILD TARGET cmTryCompileExec3957824068 OF PROJECT CMAKE_TRY_COMPILE WITH CONFIGURATION Release ===

Check dependencies
target specifies product type 'com.apple.product-type.tool', but there's no such product type for the 'iphoneos' platform

** BUILD FAILED **


The following build commands failed:
	Check dependencies
(1 failure)


Determining if the include file linux/videodev.h exists failed with the following output:
Change Dir: /Users/christian/GIT/opencv/ios/build/iPhoneOS-arm64/CMakeFiles/CMakeTmp

Run Build Command:/usr/local/Cellar/cmake/2.8.12.2/bin/cmakexbuild -project CMAKE_TRY_COMPILE.xcodeproj build -target cmTryCompileExec245295133 -configuration Release
=== BUILD TARGET cmTryCompileExec245295133 OF PROJECT CMAKE_TRY_COMPILE WITH CONFIGURATION Release ===

Check dependencies
target specifies product type 'com.apple.product-type.tool', but there's no such product type for the 'iphoneos' platform

** BUILD FAILED **


The following build commands failed:
	Check dependencies
(1 failure)


Determining if the include file linux/videodev2.h exists failed with the following output:
Change Dir: /Users/christian/GIT/opencv/ios/build/iPhoneOS-arm64/CMakeFiles/CMakeTmp

Run Build Command:/usr/local/Cellar/cmake/2.8.12.2/bin/cmakexbuild -project CMAKE_TRY_COMPILE.xcodeproj build -target cmTryCompileExec3518075871 -configuration Release
=== BUILD TARGET cmTryCompileExec3518075871 OF PROJECT CMAKE_TRY_COMPILE WITH CONFIGURATION Release ===

Check dependencies
target specifies product type 'com.apple.product-type.tool', but there's no such product type for the 'iphoneos' platform

** BUILD FAILED **


The following build commands failed:
	Check dependencies
(1 failure)


Determining if the include file sys/videoio.h exists failed with the following output:
Change Dir: /Users/christian/GIT/opencv/ios/build/iPhoneOS-arm64/CMakeFiles/CMakeTmp

Run Build Command:/usr/local/Cellar/cmake/2.8.12.2/bin/cmakexbuild -project CMAKE_TRY_COMPILE.xcodeproj build -target cmTryCompileExec3486395305 -configuration Release
=== BUILD TARGET cmTryCompileExec3486395305 OF PROJECT CMAKE_TRY_COMPILE WITH CONFIGURATION Release ===

Check dependencies
target specifies product type 'com.apple.product-type.tool', but there's no such product type for the 'iphoneos' platform

** BUILD FAILED **


The following build commands failed:
	Check dependencies
(1 failure)


Determining if the include file linux/videodev.h exists failed with the following output:
Change Dir: /Users/christian/GIT/opencv/ios/build/iPhoneOS-arm64/CMakeFiles/CMakeTmp

Run Build Command:/usr/local/Cellar/cmake/2.8.12.2/bin/cmakexbuild -project CMAKE_TRY_COMPILE.xcodeproj build -target cmTryCompileExec737461510 -configuration Release
=== BUILD TARGET cmTryCompileExec737461510 OF PROJECT CMAKE_TRY_COMPILE WITH CONFIGURATION Release ===

Check dependencies
target specifies product type 'com.apple.product-type.tool', but there's no such product type for the 'iphoneos' platform

** BUILD FAILED **


The following build commands failed:
	Check dependencies
(1 failure)


Determining if the include file linux/videodev2.h exists failed with the following output:
Change Dir: /Users/christian/GIT/opencv/ios/build/iPhoneOS-arm64/CMakeFiles/CMakeTmp

Run Build Command:/usr/local/Cellar/cmake/2.8.12.2/bin/cmakexbuild -project CMAKE_TRY_COMPILE.xcodeproj build -target cmTryCompileExec3192539220 -configuration Release
=== BUILD TARGET cmTryCompileExec3192539220 OF PROJECT CMAKE_TRY_COMPILE WITH CONFIGURATION Release ===

Check dependencies
target specifies product type 'com.apple.product-type.tool', but there's no such product type for the 'iphoneos' platform

** BUILD FAILED **


The following build commands failed:
	Check dependencies
(1 failure)


Determining if the include file sys/videoio.h exists failed with the following output:
Change Dir: /Users/christian/GIT/opencv/ios/build/iPhoneOS-arm64/CMakeFiles/CMakeTmp

Run Build Command:/usr/local/Cellar/cmake/2.8.12.2/bin/cmakexbuild -project CMAKE_TRY_COMPILE.xcodeproj build -target cmTryCompileExec3619756912 -configuration Release
=== BUILD TARGET cmTryCompileExec3619756912 OF PROJECT CMAKE_TRY_COMPILE WITH CONFIGURATION Release ===

Check dependencies
target specifies product type 'com.apple.product-type.tool', but there's no such product type for the 'iphoneos' platform

** BUILD FAILED **


The following build commands failed:
	Check dependencies
(1 failure)


