Detecting CXX compiler ABI info failed to compile with the following output:
Change Dir: /Users/christian/GIT/opencv/ios/build/iPhoneSimulator-i386/CMakeFiles/CMakeTmp

Run Build Command:/usr/local/Cellar/cmake/2.8.12.2/bin/cmakexbuild -project CMAKE_TRY_COMPILE.xcodeproj build -target cmTryCompileExec317182111 -configuration Debug
=== BUILD TARGET cmTryCompileExec317182111 OF PROJECT CMAKE_TRY_COMPILE WITH CONFIGURATION Debug ===

Check dependencies
target specifies product type 'com.apple.product-type.tool', but there's no such product type for the 'iphonesimulator' platform

** BUILD FAILED **


The following build commands failed:
	Check dependencies
(1 failure)



Detecting C compiler ABI info failed to compile with the following output:
Change Dir: /Users/christian/GIT/opencv/ios/build/iPhoneSimulator-i386/CMakeFiles/CMakeTmp

Run Build Command:/usr/local/Cellar/cmake/2.8.12.2/bin/cmakexbuild -project CMAKE_TRY_COMPILE.xcodeproj build -target cmTryCompileExec2063732091 -configuration Debug
=== BUILD TARGET cmTryCompileExec2063732091 OF PROJECT CMAKE_TRY_COMPILE WITH CONFIGURATION Debug ===

Check dependencies
target specifies product type 'com.apple.product-type.tool', but there's no such product type for the 'iphonesimulator' platform

** BUILD FAILED **


The following build commands failed:
	Check dependencies
(1 failure)



Determining if the function fseeko exists failed with the following output:
Change Dir: /Users/christian/GIT/opencv/ios/build/iPhoneSimulator-i386/CMakeFiles/CMakeTmp

Run Build Command:/usr/local/Cellar/cmake/2.8.12.2/bin/cmakexbuild -project CMAKE_TRY_COMPILE.xcodeproj build -target cmTryCompileExec1428704937 -configuration Release
=== BUILD TARGET cmTryCompileExec1428704937 OF PROJECT CMAKE_TRY_COMPILE WITH CONFIGURATION Release ===

Check dependencies
target specifies product type 'com.apple.product-type.tool', but there's no such product type for the 'iphonesimulator' platform

** BUILD FAILED **


The following build commands failed:
	Check dependencies
(1 failure)


Determining if the include file unistd.h exists failed with the following output:
Change Dir: /Users/christian/GIT/opencv/ios/build/iPhoneSimulator-i386/CMakeFiles/CMakeTmp

Run Build Command:/usr/local/Cellar/cmake/2.8.12.2/bin/cmakexbuild -project CMAKE_TRY_COMPILE.xcodeproj build -target cmTryCompileExec2875695839 -configuration Release
=== BUILD TARGET cmTryCompileExec2875695839 OF PROJECT CMAKE_TRY_COMPILE WITH CONFIGURATION Release ===

Check dependencies
target specifies product type 'com.apple.product-type.tool', but there's no such product type for the 'iphonesimulator' platform

** BUILD FAILED **


The following build commands failed:
	Check dependencies
(1 failure)


Determining if the include file sys/types.h exists failed with the following output:
Change Dir: /Users/christian/GIT/opencv/ios/build/iPhoneSimulator-i386/CMakeFiles/CMakeTmp

Run Build Command:/usr/local/Cellar/cmake/2.8.12.2/bin/cmakexbuild -project CMAKE_TRY_COMPILE.xcodeproj build -target cmTryCompileExec865751135 -configuration Release
=== BUILD TARGET cmTryCompileExec865751135 OF PROJECT CMAKE_TRY_COMPILE WITH CONFIGURATION Release ===

Check dependencies
target specifies product type 'com.apple.product-type.tool', but there's no such product type for the 'iphonesimulator' platform

** BUILD FAILED **


The following build commands failed:
	Check dependencies
(1 failure)


Determining if the include file stdint.h exists failed with the following output:
Change Dir: /Users/christian/GIT/opencv/ios/build/iPhoneSimulator-i386/CMakeFiles/CMakeTmp

Run Build Command:/usr/local/Cellar/cmake/2.8.12.2/bin/cmakexbuild -project CMAKE_TRY_COMPILE.xcodeproj build -target cmTryCompileExec2626810892 -configuration Release
=== BUILD TARGET cmTryCompileExec2626810892 OF PROJECT CMAKE_TRY_COMPILE WITH CONFIGURATION Release ===

Check dependencies
target specifies product type 'com.apple.product-type.tool', but there's no such product type for the 'iphonesimulator' platform

** BUILD FAILED **


The following build commands failed:
	Check dependencies
(1 failure)


Determining if the include file stddef.h exists failed with the following output:
Change Dir: /Users/christian/GIT/opencv/ios/build/iPhoneSimulator-i386/CMakeFiles/CMakeTmp

Run Build Command:/usr/local/Cellar/cmake/2.8.12.2/bin/cmakexbuild -project CMAKE_TRY_COMPILE.xcodeproj build -target cmTryCompileExec1736933751 -configuration Release
=== BUILD TARGET cmTryCompileExec1736933751 OF PROJECT CMAKE_TRY_COMPILE WITH CONFIGURATION Release ===

Check dependencies
target specifies product type 'com.apple.product-type.tool', but there's no such product type for the 'iphonesimulator' platform

** BUILD FAILED **


The following build commands failed:
	Check dependencies
(1 failure)


Determining size of off64_t failed with the following output:
Change Dir: /Users/christian/GIT/opencv/ios/build/iPhoneSimulator-i386/CMakeFiles/CMakeTmp

Run Build Command:/usr/local/Cellar/cmake/2.8.12.2/bin/cmakexbuild -project CMAKE_TRY_COMPILE.xcodeproj build -target cmTryCompileExec4222885641 -configuration Release
=== BUILD TARGET cmTryCompileExec4222885641 OF PROJECT CMAKE_TRY_COMPILE WITH CONFIGURATION Release ===

Check dependencies
target specifies product type 'com.apple.product-type.tool', but there's no such product type for the 'iphonesimulator' platform

** BUILD FAILED **


The following build commands failed:
	Check dependencies
(1 failure)

/Users/christian/GIT/opencv/ios/build/iPhoneSimulator-i386/CMakeFiles/CheckTypeSize/OFF64_T.c:


#undef KEY
#if defined(__i386)
# define KEY '_','_','i','3','8','6'
#elif defined(__x86_64)
# define KEY '_','_','x','8','6','_','6','4'
#elif defined(__ppc__)
# define KEY '_','_','p','p','c','_','_'
#elif defined(__ppc64__)
# define KEY '_','_','p','p','c','6','4','_','_'
#endif

#define SIZE (sizeof(off64_t))
char info_size[] =  {'I', 'N', 'F', 'O', ':', 's','i','z','e','[',
  ('0' + ((SIZE / 10000)%10)),
  ('0' + ((SIZE / 1000)%10)),
  ('0' + ((SIZE / 100)%10)),
  ('0' + ((SIZE / 10)%10)),
  ('0' +  (SIZE    % 10)),
  ']',
#ifdef KEY
  ' ','k','e','y','[', KEY, ']',
#endif
  '\0'};

#ifdef __CLASSIC_C__
int main(argc, argv) int argc; char *argv[];
#else
int main(int argc, char *argv[])
#endif
{
  int require = 0;
  require += info_size[argc];
  (void)argv;
  return require;
}


Determining if the include file linux/videodev.h exists failed with the following output:
Change Dir: /Users/christian/GIT/opencv/ios/build/iPhoneSimulator-i386/CMakeFiles/CMakeTmp

Run Build Command:/usr/local/Cellar/cmake/2.8.12.2/bin/cmakexbuild -project CMAKE_TRY_COMPILE.xcodeproj build -target cmTryCompileExec301735183 -configuration Release
=== BUILD TARGET cmTryCompileExec301735183 OF PROJECT CMAKE_TRY_COMPILE WITH CONFIGURATION Release ===

Check dependencies
target specifies product type 'com.apple.product-type.tool', but there's no such product type for the 'iphonesimulator' platform

** BUILD FAILED **


The following build commands failed:
	Check dependencies
(1 failure)


Determining if the include file linux/videodev2.h exists failed with the following output:
Change Dir: /Users/christian/GIT/opencv/ios/build/iPhoneSimulator-i386/CMakeFiles/CMakeTmp

Run Build Command:/usr/local/Cellar/cmake/2.8.12.2/bin/cmakexbuild -project CMAKE_TRY_COMPILE.xcodeproj build -target cmTryCompileExec3582372335 -configuration Release
=== BUILD TARGET cmTryCompileExec3582372335 OF PROJECT CMAKE_TRY_COMPILE WITH CONFIGURATION Release ===

Check dependencies
target specifies product type 'com.apple.product-type.tool', but there's no such product type for the 'iphonesimulator' platform

** BUILD FAILED **


The following build commands failed:
	Check dependencies
(1 failure)


Determining if the include file sys/videoio.h exists failed with the following output:
Change Dir: /Users/christian/GIT/opencv/ios/build/iPhoneSimulator-i386/CMakeFiles/CMakeTmp

Run Build Command:/usr/local/Cellar/cmake/2.8.12.2/bin/cmakexbuild -project CMAKE_TRY_COMPILE.xcodeproj build -target cmTryCompileExec4279752948 -configuration Release
=== BUILD TARGET cmTryCompileExec4279752948 OF PROJECT CMAKE_TRY_COMPILE WITH CONFIGURATION Release ===

Check dependencies
target specifies product type 'com.apple.product-type.tool', but there's no such product type for the 'iphonesimulator' platform

** BUILD FAILED **


The following build commands failed:
	Check dependencies
(1 failure)


Determining if the include file linux/videodev.h exists failed with the following output:
Change Dir: /Users/christian/GIT/opencv/ios/build/iPhoneSimulator-i386/CMakeFiles/CMakeTmp

Run Build Command:/usr/local/Cellar/cmake/2.8.12.2/bin/cmakexbuild -project CMAKE_TRY_COMPILE.xcodeproj build -target cmTryCompileExec2809937993 -configuration Release
=== BUILD TARGET cmTryCompileExec2809937993 OF PROJECT CMAKE_TRY_COMPILE WITH CONFIGURATION Release ===

Check dependencies
target specifies product type 'com.apple.product-type.tool', but there's no such product type for the 'iphonesimulator' platform

** BUILD FAILED **


The following build commands failed:
	Check dependencies
(1 failure)


Determining if the include file linux/videodev2.h exists failed with the following output:
Change Dir: /Users/christian/GIT/opencv/ios/build/iPhoneSimulator-i386/CMakeFiles/CMakeTmp

Run Build Command:/usr/local/Cellar/cmake/2.8.12.2/bin/cmakexbuild -project CMAKE_TRY_COMPILE.xcodeproj build -target cmTryCompileExec2638423840 -configuration Release
=== BUILD TARGET cmTryCompileExec2638423840 OF PROJECT CMAKE_TRY_COMPILE WITH CONFIGURATION Release ===

Check dependencies
target specifies product type 'com.apple.product-type.tool', but there's no such product type for the 'iphonesimulator' platform

** BUILD FAILED **


The following build commands failed:
	Check dependencies
(1 failure)


Determining if the include file sys/videoio.h exists failed with the following output:
Change Dir: /Users/christian/GIT/opencv/ios/build/iPhoneSimulator-i386/CMakeFiles/CMakeTmp

Run Build Command:/usr/local/Cellar/cmake/2.8.12.2/bin/cmakexbuild -project CMAKE_TRY_COMPILE.xcodeproj build -target cmTryCompileExec371826604 -configuration Release
=== BUILD TARGET cmTryCompileExec371826604 OF PROJECT CMAKE_TRY_COMPILE WITH CONFIGURATION Release ===

Check dependencies
target specifies product type 'com.apple.product-type.tool', but there's no such product type for the 'iphonesimulator' platform

** BUILD FAILED **


The following build commands failed:
	Check dependencies
(1 failure)


Determining if the include file linux/videodev.h exists failed with the following output:
Change Dir: /Users/christian/GIT/opencv/ios/build/iPhoneSimulator-i386/CMakeFiles/CMakeTmp

Run Build Command:/usr/local/Cellar/cmake/2.8.12.2/bin/cmakexbuild -project CMAKE_TRY_COMPILE.xcodeproj build -target cmTryCompileExec3117814779 -configuration Release
=== BUILD TARGET cmTryCompileExec3117814779 OF PROJECT CMAKE_TRY_COMPILE WITH CONFIGURATION Release ===

Check dependencies
target specifies product type 'com.apple.product-type.tool', but there's no such product type for the 'iphonesimulator' platform

** BUILD FAILED **


The following build commands failed:
	Check dependencies
(1 failure)


Determining if the include file linux/videodev2.h exists failed with the following output:
Change Dir: /Users/christian/GIT/opencv/ios/build/iPhoneSimulator-i386/CMakeFiles/CMakeTmp

Run Build Command:/usr/local/Cellar/cmake/2.8.12.2/bin/cmakexbuild -project CMAKE_TRY_COMPILE.xcodeproj build -target cmTryCompileExec2459927768 -configuration Release
=== BUILD TARGET cmTryCompileExec2459927768 OF PROJECT CMAKE_TRY_COMPILE WITH CONFIGURATION Release ===

Check dependencies
target specifies product type 'com.apple.product-type.tool', but there's no such product type for the 'iphonesimulator' platform

** BUILD FAILED **


The following build commands failed:
	Check dependencies
(1 failure)


Determining if the include file sys/videoio.h exists failed with the following output:
Change Dir: /Users/christian/GIT/opencv/ios/build/iPhoneSimulator-i386/CMakeFiles/CMakeTmp

Run Build Command:/usr/local/Cellar/cmake/2.8.12.2/bin/cmakexbuild -project CMAKE_TRY_COMPILE.xcodeproj build -target cmTryCompileExec3474362545 -configuration Release
=== BUILD TARGET cmTryCompileExec3474362545 OF PROJECT CMAKE_TRY_COMPILE WITH CONFIGURATION Release ===

Check dependencies
target specifies product type 'com.apple.product-type.tool', but there's no such product type for the 'iphonesimulator' platform

** BUILD FAILED **


The following build commands failed:
	Check dependencies
(1 failure)


