Detecting CXX compiler ABI info failed to compile with the following output:
Change Dir: /Users/christian/GIT/opencv/ios/build/iPhoneOS-armv7s/CMakeFiles/CMakeTmp

Run Build Command:/usr/local/Cellar/cmake/2.8.12.2/bin/cmakexbuild -project CMAKE_TRY_COMPILE.xcodeproj build -target cmTryCompileExec953829716 -configuration Debug
=== BUILD TARGET cmTryCompileExec953829716 OF PROJECT CMAKE_TRY_COMPILE WITH CONFIGURATION Debug ===

Check dependencies
target specifies product type 'com.apple.product-type.tool', but there's no such product type for the 'iphoneos' platform

** BUILD FAILED **


The following build commands failed:
	Check dependencies
(1 failure)



Detecting C compiler ABI info failed to compile with the following output:
Change Dir: /Users/christian/GIT/opencv/ios/build/iPhoneOS-armv7s/CMakeFiles/CMakeTmp

Run Build Command:/usr/local/Cellar/cmake/2.8.12.2/bin/cmakexbuild -project CMAKE_TRY_COMPILE.xcodeproj build -target cmTryCompileExec2885711473 -configuration Debug
=== BUILD TARGET cmTryCompileExec2885711473 OF PROJECT CMAKE_TRY_COMPILE WITH CONFIGURATION Debug ===

Check dependencies
target specifies product type 'com.apple.product-type.tool', but there's no such product type for the 'iphoneos' platform

** BUILD FAILED **


The following build commands failed:
	Check dependencies
(1 failure)



Determining if the function fseeko exists failed with the following output:
Change Dir: /Users/christian/GIT/opencv/ios/build/iPhoneOS-armv7s/CMakeFiles/CMakeTmp

Run Build Command:/usr/local/Cellar/cmake/2.8.12.2/bin/cmakexbuild -project CMAKE_TRY_COMPILE.xcodeproj build -target cmTryCompileExec1795474689 -configuration Release
=== BUILD TARGET cmTryCompileExec1795474689 OF PROJECT CMAKE_TRY_COMPILE WITH CONFIGURATION Release ===

Check dependencies
target specifies product type 'com.apple.product-type.tool', but there's no such product type for the 'iphoneos' platform

** BUILD FAILED **


The following build commands failed:
	Check dependencies
(1 failure)


Determining if the include file unistd.h exists failed with the following output:
Change Dir: /Users/christian/GIT/opencv/ios/build/iPhoneOS-armv7s/CMakeFiles/CMakeTmp

Run Build Command:/usr/local/Cellar/cmake/2.8.12.2/bin/cmakexbuild -project CMAKE_TRY_COMPILE.xcodeproj build -target cmTryCompileExec2263341504 -configuration Release
=== BUILD TARGET cmTryCompileExec2263341504 OF PROJECT CMAKE_TRY_COMPILE WITH CONFIGURATION Release ===

Check dependencies
target specifies product type 'com.apple.product-type.tool', but there's no such product type for the 'iphoneos' platform

** BUILD FAILED **


The following build commands failed:
	Check dependencies
(1 failure)


Determining if the include file sys/types.h exists failed with the following output:
Change Dir: /Users/christian/GIT/opencv/ios/build/iPhoneOS-armv7s/CMakeFiles/CMakeTmp

Run Build Command:/usr/local/Cellar/cmake/2.8.12.2/bin/cmakexbuild -project CMAKE_TRY_COMPILE.xcodeproj build -target cmTryCompileExec825015894 -configuration Release
=== BUILD TARGET cmTryCompileExec825015894 OF PROJECT CMAKE_TRY_COMPILE WITH CONFIGURATION Release ===

Check dependencies
target specifies product type 'com.apple.product-type.tool', but there's no such product type for the 'iphoneos' platform

** BUILD FAILED **


The following build commands failed:
	Check dependencies
(1 failure)


Determining if the include file stdint.h exists failed with the following output:
Change Dir: /Users/christian/GIT/opencv/ios/build/iPhoneOS-armv7s/CMakeFiles/CMakeTmp

Run Build Command:/usr/local/Cellar/cmake/2.8.12.2/bin/cmakexbuild -project CMAKE_TRY_COMPILE.xcodeproj build -target cmTryCompileExec466001434 -configuration Release
=== BUILD TARGET cmTryCompileExec466001434 OF PROJECT CMAKE_TRY_COMPILE WITH CONFIGURATION Release ===

Check dependencies
target specifies product type 'com.apple.product-type.tool', but there's no such product type for the 'iphoneos' platform

** BUILD FAILED **


The following build commands failed:
	Check dependencies
(1 failure)


Determining if the include file stddef.h exists failed with the following output:
Change Dir: /Users/christian/GIT/opencv/ios/build/iPhoneOS-armv7s/CMakeFiles/CMakeTmp

Run Build Command:/usr/local/Cellar/cmake/2.8.12.2/bin/cmakexbuild -project CMAKE_TRY_COMPILE.xcodeproj build -target cmTryCompileExec1785951873 -configuration Release
=== BUILD TARGET cmTryCompileExec1785951873 OF PROJECT CMAKE_TRY_COMPILE WITH CONFIGURATION Release ===

Check dependencies
target specifies product type 'com.apple.product-type.tool', but there's no such product type for the 'iphoneos' platform

** BUILD FAILED **


The following build commands failed:
	Check dependencies
(1 failure)


Determining size of off64_t failed with the following output:
Change Dir: /Users/christian/GIT/opencv/ios/build/iPhoneOS-armv7s/CMakeFiles/CMakeTmp

Run Build Command:/usr/local/Cellar/cmake/2.8.12.2/bin/cmakexbuild -project CMAKE_TRY_COMPILE.xcodeproj build -target cmTryCompileExec3896250560 -configuration Release
=== BUILD TARGET cmTryCompileExec3896250560 OF PROJECT CMAKE_TRY_COMPILE WITH CONFIGURATION Release ===

Check dependencies
target specifies product type 'com.apple.product-type.tool', but there's no such product type for the 'iphoneos' platform

** BUILD FAILED **


The following build commands failed:
	Check dependencies
(1 failure)

/Users/christian/GIT/opencv/ios/build/iPhoneOS-armv7s/CMakeFiles/CheckTypeSize/OFF64_T.c:


#undef KEY
#if defined(__i386)
# define KEY '_','_','i','3','8','6'
#elif defined(__x86_64)
# define KEY '_','_','x','8','6','_','6','4'
#elif defined(__ppc__)
# define KEY '_','_','p','p','c','_','_'
#elif defined(__ppc64__)
# define KEY '_','_','p','p','c','6','4','_','_'
#endif

#define SIZE (sizeof(off64_t))
char info_size[] =  {'I', 'N', 'F', 'O', ':', 's','i','z','e','[',
  ('0' + ((SIZE / 10000)%10)),
  ('0' + ((SIZE / 1000)%10)),
  ('0' + ((SIZE / 100)%10)),
  ('0' + ((SIZE / 10)%10)),
  ('0' +  (SIZE    % 10)),
  ']',
#ifdef KEY
  ' ','k','e','y','[', KEY, ']',
#endif
  '\0'};

#ifdef __CLASSIC_C__
int main(argc, argv) int argc; char *argv[];
#else
int main(int argc, char *argv[])
#endif
{
  int require = 0;
  require += info_size[argc];
  (void)argv;
  return require;
}


Determining if the include file linux/videodev.h exists failed with the following output:
Change Dir: /Users/christian/GIT/opencv/ios/build/iPhoneOS-armv7s/CMakeFiles/CMakeTmp

Run Build Command:/usr/local/Cellar/cmake/2.8.12.2/bin/cmakexbuild -project CMAKE_TRY_COMPILE.xcodeproj build -target cmTryCompileExec2153981003 -configuration Release
=== BUILD TARGET cmTryCompileExec2153981003 OF PROJECT CMAKE_TRY_COMPILE WITH CONFIGURATION Release ===

Check dependencies
target specifies product type 'com.apple.product-type.tool', but there's no such product type for the 'iphoneos' platform

** BUILD FAILED **


The following build commands failed:
	Check dependencies
(1 failure)


Determining if the include file linux/videodev2.h exists failed with the following output:
Change Dir: /Users/christian/GIT/opencv/ios/build/iPhoneOS-armv7s/CMakeFiles/CMakeTmp

Run Build Command:/usr/local/Cellar/cmake/2.8.12.2/bin/cmakexbuild -project CMAKE_TRY_COMPILE.xcodeproj build -target cmTryCompileExec2728028789 -configuration Release
=== BUILD TARGET cmTryCompileExec2728028789 OF PROJECT CMAKE_TRY_COMPILE WITH CONFIGURATION Release ===

Check dependencies
target specifies product type 'com.apple.product-type.tool', but there's no such product type for the 'iphoneos' platform

** BUILD FAILED **


The following build commands failed:
	Check dependencies
(1 failure)


Determining if the include file sys/videoio.h exists failed with the following output:
Change Dir: /Users/christian/GIT/opencv/ios/build/iPhoneOS-armv7s/CMakeFiles/CMakeTmp

Run Build Command:/usr/local/Cellar/cmake/2.8.12.2/bin/cmakexbuild -project CMAKE_TRY_COMPILE.xcodeproj build -target cmTryCompileExec3351375500 -configuration Release
=== BUILD TARGET cmTryCompileExec3351375500 OF PROJECT CMAKE_TRY_COMPILE WITH CONFIGURATION Release ===

Check dependencies
target specifies product type 'com.apple.product-type.tool', but there's no such product type for the 'iphoneos' platform

** BUILD FAILED **


The following build commands failed:
	Check dependencies
(1 failure)


Determining if the include file linux/videodev.h exists failed with the following output:
Change Dir: /Users/christian/GIT/opencv/ios/build/iPhoneOS-armv7s/CMakeFiles/CMakeTmp

Run Build Command:/usr/local/Cellar/cmake/2.8.12.2/bin/cmakexbuild -project CMAKE_TRY_COMPILE.xcodeproj build -target cmTryCompileExec1849936276 -configuration Release
=== BUILD TARGET cmTryCompileExec1849936276 OF PROJECT CMAKE_TRY_COMPILE WITH CONFIGURATION Release ===

Check dependencies
target specifies product type 'com.apple.product-type.tool', but there's no such product type for the 'iphoneos' platform

** BUILD FAILED **


The following build commands failed:
	Check dependencies
(1 failure)


Determining if the include file linux/videodev2.h exists failed with the following output:
Change Dir: /Users/christian/GIT/opencv/ios/build/iPhoneOS-armv7s/CMakeFiles/CMakeTmp

Run Build Command:/usr/local/Cellar/cmake/2.8.12.2/bin/cmakexbuild -project CMAKE_TRY_COMPILE.xcodeproj build -target cmTryCompileExec2182154945 -configuration Release
=== BUILD TARGET cmTryCompileExec2182154945 OF PROJECT CMAKE_TRY_COMPILE WITH CONFIGURATION Release ===

Check dependencies
target specifies product type 'com.apple.product-type.tool', but there's no such product type for the 'iphoneos' platform

** BUILD FAILED **


The following build commands failed:
	Check dependencies
(1 failure)


Determining if the include file sys/videoio.h exists failed with the following output:
Change Dir: /Users/christian/GIT/opencv/ios/build/iPhoneOS-armv7s/CMakeFiles/CMakeTmp

Run Build Command:/usr/local/Cellar/cmake/2.8.12.2/bin/cmakexbuild -project CMAKE_TRY_COMPILE.xcodeproj build -target cmTryCompileExec1361245023 -configuration Release
=== BUILD TARGET cmTryCompileExec1361245023 OF PROJECT CMAKE_TRY_COMPILE WITH CONFIGURATION Release ===

Check dependencies
target specifies product type 'com.apple.product-type.tool', but there's no such product type for the 'iphoneos' platform

** BUILD FAILED **


The following build commands failed:
	Check dependencies
(1 failure)


Determining if the include file linux/videodev.h exists failed with the following output:
Change Dir: /Users/christian/GIT/opencv/ios/build/iPhoneOS-armv7s/CMakeFiles/CMakeTmp

Run Build Command:/usr/local/Cellar/cmake/2.8.12.2/bin/cmakexbuild -project CMAKE_TRY_COMPILE.xcodeproj build -target cmTryCompileExec619677302 -configuration Release
=== BUILD TARGET cmTryCompileExec619677302 OF PROJECT CMAKE_TRY_COMPILE WITH CONFIGURATION Release ===

Check dependencies
target specifies product type 'com.apple.product-type.tool', but there's no such product type for the 'iphoneos' platform

** BUILD FAILED **


The following build commands failed:
	Check dependencies
(1 failure)


Determining if the include file linux/videodev2.h exists failed with the following output:
Change Dir: /Users/christian/GIT/opencv/ios/build/iPhoneOS-armv7s/CMakeFiles/CMakeTmp

Run Build Command:/usr/local/Cellar/cmake/2.8.12.2/bin/cmakexbuild -project CMAKE_TRY_COMPILE.xcodeproj build -target cmTryCompileExec377770094 -configuration Release
=== BUILD TARGET cmTryCompileExec377770094 OF PROJECT CMAKE_TRY_COMPILE WITH CONFIGURATION Release ===

Check dependencies
target specifies product type 'com.apple.product-type.tool', but there's no such product type for the 'iphoneos' platform

** BUILD FAILED **


The following build commands failed:
	Check dependencies
(1 failure)


Determining if the include file sys/videoio.h exists failed with the following output:
Change Dir: /Users/christian/GIT/opencv/ios/build/iPhoneOS-armv7s/CMakeFiles/CMakeTmp

Run Build Command:/usr/local/Cellar/cmake/2.8.12.2/bin/cmakexbuild -project CMAKE_TRY_COMPILE.xcodeproj build -target cmTryCompileExec671963811 -configuration Release
=== BUILD TARGET cmTryCompileExec671963811 OF PROJECT CMAKE_TRY_COMPILE WITH CONFIGURATION Release ===

Check dependencies
target specifies product type 'com.apple.product-type.tool', but there's no such product type for the 'iphoneos' platform

** BUILD FAILED **


The following build commands failed:
	Check dependencies
(1 failure)


